0 info it worked if it ends with ok
1 verbose cli [ '/usr/bin/nodejs', '/usr/bin/npm', 'start' ]
2 info using npm@3.10.3
3 info using node@v6.3.1
4 verbose run-script [ 'prestart', 'start', 'poststart' ]
5 info lifecycle chatter@1.0.0~prestart: chatter@1.0.0
6 silly lifecycle chatter@1.0.0~prestart: no script for prestart, continuing
7 info lifecycle chatter@1.0.0~start: chatter@1.0.0
8 verbose lifecycle chatter@1.0.0~start: unsafe-perm in lifecycle true
9 verbose lifecycle chatter@1.0.0~start: PATH: /usr/lib/node_modules/npm/bin/node-gyp-bin:/home/yusheng/Exercise/chatter/node_modules/.bin:/usr/bin:/usr/local/heroku/bin:/usr/local/sbin:/usr/local/bin:/usr/sbin:/usr/bin:/sbin:/bin:/usr/games:/usr/local/games
10 verbose lifecycle chatter@1.0.0~start: CWD: /home/yusheng/Exercise/chatter
11 silly lifecycle chatter@1.0.0~start: Args: [ '-c',
11 silly lifecycle   'babel code.js -o app.js;babel ./public/code.js -o ./pubic/app.js;node app.js' ]
12 silly lifecycle chatter@1.0.0~start: Returned: code: 1  signal: null
13 info lifecycle chatter@1.0.0~start: Failed to exec start script
14 verbose stack Error: chatter@1.0.0 start: `babel code.js -o app.js;babel ./public/code.js -o ./pubic/app.js;node app.js`
14 verbose stack Exit status 1
14 verbose stack     at EventEmitter.<anonymous> (/usr/lib/node_modules/npm/lib/utils/lifecycle.js:242:16)
14 verbose stack     at emitTwo (events.js:106:13)
14 verbose stack     at EventEmitter.emit (events.js:191:7)
14 verbose stack     at ChildProcess.<anonymous> (/usr/lib/node_modules/npm/lib/utils/spawn.js:40:14)
14 verbose stack     at emitTwo (events.js:106:13)
14 verbose stack     at ChildProcess.emit (events.js:191:7)
14 verbose stack     at maybeClose (internal/child_process.js:852:16)
14 verbose stack     at Process.ChildProcess._handle.onexit (internal/child_process.js:215:5)
15 verbose pkgid chatter@1.0.0
16 verbose cwd /home/yusheng/Exercise/chatter
17 error Linux 4.2.0-42-generic
18 error argv "/usr/bin/nodejs" "/usr/bin/npm" "start"
19 error node v6.3.1
20 error npm  v3.10.3
21 error code ELIFECYCLE
22 error chatter@1.0.0 start: `babel code.js -o app.js;babel ./public/code.js -o ./pubic/app.js;node app.js`
22 error Exit status 1
23 error Failed at the chatter@1.0.0 start script 'babel code.js -o app.js;babel ./public/code.js -o ./pubic/app.js;node app.js'.
23 error Make sure you have the latest version of node.js and npm installed.
23 error If you do, this is most likely a problem with the chatter package,
23 error not with npm itself.
23 error Tell the author that this fails on your system:
23 error     babel code.js -o app.js;babel ./public/code.js -o ./pubic/app.js;node app.js
23 error You can get information on how to open an issue for this project with:
23 error     npm bugs chatter
23 error Or if that isn't available, you can get their info via:
23 error     npm owner ls chatter
23 error There is likely additional logging output above.
24 verbose exit [ 1, true ]
